{"type":"server-started","port":58550,"host":"127.0.0.1","url_host":"localhost","url":"http://localhost:58550","screen_dir":"/Users/catiamachado/RelevanceEthicCompanion/.superpowers/brainstorm/1699-1776352273/content","state_dir":"/Users/catiamachado/RelevanceEthicCompanion/.superpowers/brainstorm/1699-1776352273/state"}
{"type":"screen-added","file":"/Users/catiamachado/RelevanceEthicCompanion/.superpowers/brainstorm/1699-1776352273/content/providers.html"}
{"source":"user-event","type":"click","text":"Google\n      Most widely used — covers Gmail, Workspace, and personal accounts. Already configured in Supabase.","choice":"google","id":null,"timestamp":1776352336304}
{"source":"user-event","type":"click","text":"GitHub\n      Great for developer-focused users. Simple to enable in Supabase — just needs a GitHub OAuth app.","choice":"github","id":null,"timestamp":1776352336702}
{"source":"user-event","type":"click","text":"Email magic link\n      Already working. Keep as a fallback for users without Google/GitHub accounts.","choice":"email","id":null,"timestamp":1776352337589}
{"type":"screen-added","file":"/Users/catiamachado/RelevanceEthicCompanion/.superpowers/brainstorm/1699-1776352273/content/providers-v2.html"}
{"source":"user-event","type":"click","text":"Google\n      Most widely used — Gmail, Workspace, personal accounts. Already configured.","choice":"google","id":null,"timestamp":1776352399236}
{"source":"user-event","type":"click","text":"Microsoft / Outlook\n      Covers Outlook.com, Hotmail, and Microsoft 365 work accounts via Azure AD. Supabase supports this natively.","choice":"azure","id":null,"timestamp":1776352399790}
{"source":"user-event","type":"click","text":"GitHub\n      Great for developer users. Easy to set up — just needs a GitHub OAuth app.","choice":"github","id":null,"timestamp":1776352400218}
{"source":"user-event","type":"click","text":"Email magic link\n      Already working. Keep as a fallback for users without a social account.","choice":"email","id":null,"timestamp":1776352401128}
{"source":"user-event","type":"click","text":"Email magic link\n      Already working. Keep as a fallback for users without a social account.","choice":"email","id":null,"timestamp":1776352403471}
{"source":"user-event","type":"click","text":"Email magic link\n      Already working. Keep as a fallback for users without a social account.","choice":"email","id":null,"timestamp":1776352405903}
{"type":"screen-added","file":"/Users/catiamachado/RelevanceEthicCompanion/.superpowers/brainstorm/1699-1776352273/content/layout.html"}
{"source":"user-event","type":"click","text":"Welcome back\n        Sign in to Ethic Companion\n        \n          \n          Continue with Google\n        \n        \n          \n          Continue with Microsoft\n        \n        \n          \n          Continue with GitHub\n        \n        \n          \n          or email\n          \n        \n        \n          your@email.com\n        \n        \n          Send magic link\n        \n      \n    \n    \n      B — Centered card, light\n      Clean white card on a warm background. Minimal, modern. Provider buttons are prominent. Feels like Notion or Linear.","choice":"b","id":null,"timestamp":1776352460587}
{"type":"screen-added","file":"/Users/catiamachado/RelevanceEthicCompanion/.superpowers/brainstorm/1699-1776352273/content/waiting.html"}
{"type":"screen-added","file":"/Users/catiamachado/RelevanceEthicCompanion/.superpowers/brainstorm/1699-1776352273/content/colors.html"}
{"source":"user-event","type":"click","text":"Welcome back\n        Sign in to Ethic Companion\n        \n          \n          Continue with Google\n        \n        \n          \n          Continue with Microsoft\n        \n        \n          \n          Continue with GitHub\n        \n        \n          \n          or email\n          \n        \n        \n          your@email.com\n        \n        \n          Send magic link\n        \n      \n    \n    \n      B — Sage green\n      Muted sage (#4a7c59) with a green-tinted grey background. Softer, calm. Feels like a wellness or productivity app.","choice":"b","id":null,"timestamp":1776352544224}
{"type":"screen-added","file":"/Users/catiamachado/RelevanceEthicCompanion/.superpowers/brainstorm/1699-1776352273/content/theme.html"}
{"source":"user-event","type":"click","text":"Ethic Companion\n        \n          \n          \n          \n        \n      \n      \n      \n        Welcome back\n        \n          Continue with Google\n        \n        \n          Continue with Microsoft\n        \n        \n          Send magic link →\n        \n      \n      \n      \n        Dashboard\n        ✓ Active\n        Settings\n      \n    \n    \n      Light base\n      White backgrounds, dark text, grey borders. Green on buttons and active states. Clean, easy to read. Most apps default to this.","choice":"light","id":null,"timestamp":1776352580229}
{"type":"screen-added","file":"/Users/catiamachado/RelevanceEthicCompanion/.superpowers/brainstorm/1699-1776352273/content/theme-v2.html"}
{"source":"user-event","type":"click","text":"Ethic Companion\n        \n          \n          \n          \n        \n      \n      \n        Welcome back\n        Continue with Google\n        Continue with Microsoft\n        Send magic link →\n      \n      \n        Dashboard\n        ✓ Active\n        Settings\n      \n    \n    \n      Light base\n      White & light grey backgrounds, black text. Sage green on buttons and active states. Like Notion.","choice":"light","id":null,"timestamp":1776352586801}
{"type":"server-stopped","reason":"idle timeout"}
